have_header: checking for welcome.c... -------------------- yes

"i686-w64-mingw32-gcc -o conftest.exe -IC:/Ruby27/include/ruby-2.7.0/i386-mingw32 -IC:/Ruby27/include/ruby-2.7.0/ruby/backward -IC:/Ruby27/include/ruby-2.7.0 -I. -D__USE_MINGW_ANSI_STDIO=1 -DFD_SETSIZE=2048 -D_WIN32_WINNT=0x0600 -D__MINGW_USE_VC2005_COMPAT -D_FILE_OFFSET_BITS=64  -O3 -fno-fast-math -fstack-protector-strong conftest.c  -L. -LC:/Ruby27/lib -L. -pipe -s -fstack-protector-strong     -lmsvcrt-ruby270  -lshell32 -lws2_32 -liphlpapi -limagehlp -lshlwapi  "
checked program was:
/* begin */
1: #include "ruby.h"
2: 
3: #include <winsock2.h>
4: #include <windows.h>
5: int main(int argc, char **argv)
6: {
7:   return !!argv[argc];
8: }
/* end */

"i686-w64-mingw32-gcc -E -IC:/Ruby27/include/ruby-2.7.0/i386-mingw32 -IC:/Ruby27/include/ruby-2.7.0/ruby/backward -IC:/Ruby27/include/ruby-2.7.0 -I. -D__USE_MINGW_ANSI_STDIO=1 -DFD_SETSIZE=2048 -D_WIN32_WINNT=0x0600 -D__MINGW_USE_VC2005_COMPAT -D_FILE_OFFSET_BITS=64  -O3 -fno-fast-math -fstack-protector-strong  conftest.c -o conftest.i"
checked program was:
/* begin */
1: #include "ruby.h"
2: 
3: #include <winsock2.h>
4: #include <windows.h>
5: #include <welcome.c>
/* end */

--------------------

extconf.h is:
/* begin */
1: #ifndef EXTCONF_H
2: #define EXTCONF_H
3: #define HAVE_WELCOME_C 1
4: #endif
/* end */

